2024-12-16 18:12:763 INFO  StartPage :20 - Click StartNow : [[ChromeDriver: chrome on windows (2be84149b8555262a3396624bd2dfca8)] -> xpath: //a[@class='gem-c-button govuk-button govuk-button--start']]
2024-12-16 18:12:124 INFO  StartPage :20 - Click StartNow : [[ChromeDriver: chrome on windows (3e58cd0141369dc3b31a7a20d63d888d)] -> xpath: //a[@class='gem-c-button govuk-button govuk-button--start']]
2024-12-16 18:12:623 INFO  StartPage :20 - Click StartNow : [[ChromeDriver: chrome on windows (0c6177b6651c49b84f1b4783e38753c9)] -> xpath: //a[@class='gem-c-button govuk-button govuk-button--start']]
2024-12-16 18:12:727 INFO  SelectNationalityPage :24 - Select Nationality : [[ChromeDriver: chrome on windows (0c6177b6651c49b84f1b4783e38753c9)] -> xpath: //select[@id='response']]
2024-12-16 18:12:959 INFO  SelectNationalityPage :29 - Click NextStep Button : [[ChromeDriver: chrome on windows (0c6177b6651c49b84f1b4783e38753c9)] -> xpath: //button[normalize-space()='Continue']]
2024-12-16 18:12:26 INFO  ReasonForTravelPage :43 - Select Reason For Visit1 : [[ChromeDriver: chrome on windows (0c6177b6651c49b84f1b4783e38753c9)] -> id: response-1]
2024-12-16 18:12:206 INFO  SelectNationalityPage :29 - Click NextStep Button : [[ChromeDriver: chrome on windows (0c6177b6651c49b84f1b4783e38753c9)] -> xpath: //button[normalize-space()='Continue']]
2024-12-16 18:12:307 INFO  DurationOfStayPage :37 - Select Length Of Stay : [[ChromeDriver: chrome on windows (0c6177b6651c49b84f1b4783e38753c9)] -> id: response-1]
2024-12-16 18:12:513 INFO  SelectNationalityPage :29 - Click NextStep Button : [[ChromeDriver: chrome on windows (0c6177b6651c49b84f1b4783e38753c9)] -> xpath: //button[normalize-space()='Continue']]
2024-12-16 18:12:596 INFO  WorkTypePage :24 - Select JobType : [[ChromeDriver: chrome on windows (0c6177b6651c49b84f1b4783e38753c9)] -> id: response-0]
2024-12-16 18:12:798 INFO  SelectNationalityPage :29 - Click NextStep Button : [[ChromeDriver: chrome on windows (0c6177b6651c49b84f1b4783e38753c9)] -> xpath: //button[normalize-space()='Continue']]
2024-12-16 18:12:254 INFO  StartPage :20 - Click StartNow : [[ChromeDriver: chrome on windows (9c611ec2d3a14f97b7a0130291dadabf)] -> xpath: //a[@class='gem-c-button govuk-button govuk-button--start']]
2024-12-16 18:12:728 INFO  StartPage :20 - Click StartNow : [[ChromeDriver: chrome on windows (494b4400381548b7f852e2492b17acfa)] -> xpath: //a[@class='gem-c-button govuk-button govuk-button--start']]
2024-12-16 18:12:816 INFO  SelectNationalityPage :24 - Select Nationality : [[ChromeDriver: chrome on windows (494b4400381548b7f852e2492b17acfa)] -> xpath: //select[@id='response']]
2024-12-16 18:12:60 INFO  SelectNationalityPage :29 - Click NextStep Button : [[ChromeDriver: chrome on windows (494b4400381548b7f852e2492b17acfa)] -> xpath: //button[normalize-space()='Continue']]
2024-12-16 18:12:197 INFO  ReasonForTravelPage :33 - Select Reason For Visit : [[ChromeDriver: chrome on windows (494b4400381548b7f852e2492b17acfa)] -> id: response-0]
2024-12-16 18:12:396 INFO  SelectNationalityPage :29 - Click NextStep Button : [[ChromeDriver: chrome on windows (494b4400381548b7f852e2492b17acfa)] -> xpath: //button[normalize-space()='Continue']]
2024-12-16 18:12:33 INFO  StartPage :20 - Click StartNow : [[ChromeDriver: chrome on windows (1200ce80e5d902d551a4590bc1e3e07e)] -> xpath: //a[@class='gem-c-button govuk-button govuk-button--start']]
2024-12-16 18:12:116 INFO  SelectNationalityPage :24 - Select Nationality : [[ChromeDriver: chrome on windows (1200ce80e5d902d551a4590bc1e3e07e)] -> xpath: //select[@id='response']]
2024-12-16 18:12:214 INFO  SelectNationalityPage :29 - Click NextStep Button : [[ChromeDriver: chrome on windows (1200ce80e5d902d551a4590bc1e3e07e)] -> xpath: //button[normalize-space()='Continue']]
2024-12-16 18:12:383 INFO  ReasonForTravelPage :43 - Select Reason For Visit1 : [[ChromeDriver: chrome on windows (1200ce80e5d902d551a4590bc1e3e07e)] -> id: response-1]
2024-12-16 18:12:557 INFO  SelectNationalityPage :29 - Click NextStep Button : [[ChromeDriver: chrome on windows (1200ce80e5d902d551a4590bc1e3e07e)] -> xpath: //button[normalize-space()='Continue']]
2024-12-16 18:12:648 INFO  DurationOfStayPage :37 - Select Length Of Stay : [[ChromeDriver: chrome on windows (1200ce80e5d902d551a4590bc1e3e07e)] -> id: response-1]
2024-12-16 18:12:773 INFO  SelectNationalityPage :29 - Click NextStep Button : [[ChromeDriver: chrome on windows (1200ce80e5d902d551a4590bc1e3e07e)] -> xpath: //button[normalize-space()='Continue']]
2024-12-16 18:12:840 INFO  WorkTypePage :24 - Select JobType : [[ChromeDriver: chrome on windows (1200ce80e5d902d551a4590bc1e3e07e)] -> id: response-0]
2024-12-16 18:12:82 INFO  SelectNationalityPage :29 - Click NextStep Button : [[ChromeDriver: chrome on windows (1200ce80e5d902d551a4590bc1e3e07e)] -> xpath: //button[normalize-space()='Continue']]
2024-12-16 18:12:325 INFO  StartPage :20 - Click StartNow : [[ChromeDriver: chrome on windows (18c21e6befed893d189d45a051026485)] -> xpath: //a[@class='gem-c-button govuk-button govuk-button--start']]
2024-12-16 18:12:773 INFO  StartPage :20 - Click StartNow : [[ChromeDriver: chrome on windows (41948a1024b85b555f3937c5d0f62b4f)] -> xpath: //a[@class='gem-c-button govuk-button govuk-button--start']]
2024-12-16 18:12:888 INFO  SelectNationalityPage :24 - Select Nationality : [[ChromeDriver: chrome on windows (41948a1024b85b555f3937c5d0f62b4f)] -> xpath: //select[@id='response']]
2024-12-16 18:12:990 INFO  SelectNationalityPage :29 - Click NextStep Button : [[ChromeDriver: chrome on windows (41948a1024b85b555f3937c5d0f62b4f)] -> xpath: //button[normalize-space()='Continue']]
2024-12-16 18:12:164 INFO  ReasonForTravelPage :33 - Select Reason For Visit : [[ChromeDriver: chrome on windows (41948a1024b85b555f3937c5d0f62b4f)] -> id: response-0]
2024-12-16 18:12:274 INFO  SelectNationalityPage :29 - Click NextStep Button : [[ChromeDriver: chrome on windows (41948a1024b85b555f3937c5d0f62b4f)] -> xpath: //button[normalize-space()='Continue']]
2024-12-16 18:12:782 INFO  StartPage :20 - Click StartNow : [[ChromeDriver: chrome on windows (8b1b8661baace176bcb391d5834b17cf)] -> xpath: //a[@class='gem-c-button govuk-button govuk-button--start']]
2024-12-16 18:12:872 INFO  SelectNationalityPage :24 - Select Nationality : [[ChromeDriver: chrome on windows (8b1b8661baace176bcb391d5834b17cf)] -> xpath: //select[@id='response']]
2024-12-16 18:12:984 INFO  SelectNationalityPage :29 - Click NextStep Button : [[ChromeDriver: chrome on windows (8b1b8661baace176bcb391d5834b17cf)] -> xpath: //button[normalize-space()='Continue']]
2024-12-16 18:12:125 INFO  ReasonForTravelPage :43 - Select Reason For Visit1 : [[ChromeDriver: chrome on windows (8b1b8661baace176bcb391d5834b17cf)] -> id: response-1]
2024-12-16 18:12:236 INFO  SelectNationalityPage :29 - Click NextStep Button : [[ChromeDriver: chrome on windows (8b1b8661baace176bcb391d5834b17cf)] -> xpath: //button[normalize-space()='Continue']]
2024-12-16 18:12:367 INFO  DurationOfStayPage :37 - Select Length Of Stay : [[ChromeDriver: chrome on windows (8b1b8661baace176bcb391d5834b17cf)] -> id: response-1]
2024-12-16 18:12:481 INFO  SelectNationalityPage :29 - Click NextStep Button : [[ChromeDriver: chrome on windows (8b1b8661baace176bcb391d5834b17cf)] -> xpath: //button[normalize-space()='Continue']]
2024-12-16 18:12:649 INFO  WorkTypePage :24 - Select JobType : [[ChromeDriver: chrome on windows (8b1b8661baace176bcb391d5834b17cf)] -> id: response-0]
2024-12-16 18:12:742 INFO  SelectNationalityPage :29 - Click NextStep Button : [[ChromeDriver: chrome on windows (8b1b8661baace176bcb391d5834b17cf)] -> xpath: //button[normalize-space()='Continue']]
2024-12-16 18:12:197 INFO  StartPage :20 - Click StartNow : [[ChromeDriver: chrome on windows (513fa533e0398f162be02288f17289de)] -> xpath: //a[@class='gem-c-button govuk-button govuk-button--start']]
2024-12-16 18:12:335 INFO  SelectNationalityPage :24 - Select Nationality : [[ChromeDriver: chrome on windows (513fa533e0398f162be02288f17289de)] -> xpath: //select[@id='response']]
2024-12-16 18:12:523 INFO  SelectNationalityPage :29 - Click NextStep Button : [[ChromeDriver: chrome on windows (513fa533e0398f162be02288f17289de)] -> xpath: //button[normalize-space()='Continue']]
2024-12-16 18:12:728 INFO  ReasonForTravelPage :48 - Select Reason For Visit2 : [[ChromeDriver: chrome on windows (513fa533e0398f162be02288f17289de)] -> id: response-4]
2024-12-16 18:12:924 INFO  SelectNationalityPage :29 - Click NextStep Button : [[ChromeDriver: chrome on windows (513fa533e0398f162be02288f17289de)] -> xpath: //button[normalize-space()='Continue']]
2024-12-16 18:12:37 INFO  FamilyImmigrationStatusPage :37 - Select Immigration Status : [[ChromeDriver: chrome on windows (513fa533e0398f162be02288f17289de)] -> id: response-0]
2024-12-16 18:12:220 INFO  SelectNationalityPage :29 - Click NextStep Button : [[ChromeDriver: chrome on windows (513fa533e0398f162be02288f17289de)] -> xpath: //button[normalize-space()='Continue']]
2024-12-16 18:12:390 INFO  StartPage :20 - Click StartNow : [[ChromeDriver: chrome on windows (6d61c5a376fd2bfcbc6769d659389853)] -> xpath: //a[@class='gem-c-button govuk-button govuk-button--start']]
2024-12-16 18:12:496 INFO  SelectNationalityPage :24 - Select Nationality : [[ChromeDriver: chrome on windows (6d61c5a376fd2bfcbc6769d659389853)] -> xpath: //select[@id='response']]
2024-12-16 18:12:697 INFO  SelectNationalityPage :29 - Click NextStep Button : [[ChromeDriver: chrome on windows (6d61c5a376fd2bfcbc6769d659389853)] -> xpath: //button[normalize-space()='Continue']]
2024-12-16 18:12:813 INFO  ReasonForTravelPage :43 - Select Reason For Visit1 : [[ChromeDriver: chrome on windows (6d61c5a376fd2bfcbc6769d659389853)] -> id: response-1]
2024-12-16 18:12:987 INFO  SelectNationalityPage :29 - Click NextStep Button : [[ChromeDriver: chrome on windows (6d61c5a376fd2bfcbc6769d659389853)] -> xpath: //button[normalize-space()='Continue']]
2024-12-16 18:12:148 INFO  DurationOfStayPage :37 - Select Length Of Stay : [[ChromeDriver: chrome on windows (6d61c5a376fd2bfcbc6769d659389853)] -> id: response-1]
2024-12-16 18:12:317 INFO  SelectNationalityPage :29 - Click NextStep Button : [[ChromeDriver: chrome on windows (6d61c5a376fd2bfcbc6769d659389853)] -> xpath: //button[normalize-space()='Continue']]
2024-12-16 18:12:484 INFO  WorkTypePage :24 - Select JobType : [[ChromeDriver: chrome on windows (6d61c5a376fd2bfcbc6769d659389853)] -> id: response-0]
2024-12-16 18:12:679 INFO  SelectNationalityPage :29 - Click NextStep Button : [[ChromeDriver: chrome on windows (6d61c5a376fd2bfcbc6769d659389853)] -> xpath: //button[normalize-space()='Continue']]
2024-12-16 18:12:679 INFO  StartPage :20 - Click StartNow : [[ChromeDriver: chrome on windows (c1fdcf66ec1928892aeaec75a93b6690)] -> xpath: //a[@class='gem-c-button govuk-button govuk-button--start']]
2024-12-16 18:12:552 INFO  StartPage :20 - Click StartNow : [[ChromeDriver: chrome on windows (ea21690871a99f86f71a4c6a1bd0430a)] -> xpath: //a[@class='gem-c-button govuk-button govuk-button--start']]
2024-12-16 18:12:660 INFO  SelectNationalityPage :24 - Select Nationality : [[ChromeDriver: chrome on windows (ea21690871a99f86f71a4c6a1bd0430a)] -> xpath: //select[@id='response']]
2024-12-16 18:12:868 INFO  SelectNationalityPage :29 - Click NextStep Button : [[ChromeDriver: chrome on windows (ea21690871a99f86f71a4c6a1bd0430a)] -> xpath: //button[normalize-space()='Continue']]
2024-12-16 18:12:987 INFO  ReasonForTravelPage :33 - Select Reason For Visit : [[ChromeDriver: chrome on windows (ea21690871a99f86f71a4c6a1bd0430a)] -> id: response-0]
2024-12-16 18:12:195 INFO  SelectNationalityPage :29 - Click NextStep Button : [[ChromeDriver: chrome on windows (ea21690871a99f86f71a4c6a1bd0430a)] -> xpath: //button[normalize-space()='Continue']]
